/home/cvr/Desktop/sj/go2_intelligence_framework/install/go2_gui_controller/lib/python3.10/site-packages/go2_gui_controller/text_command_parser.py
/home/cvr/Desktop/sj/go2_intelligence_framework/install/go2_gui_controller/lib/python3.10/site-packages/go2_gui_controller/commands.py
/home/cvr/Desktop/sj/go2_intelligence_framework/install/go2_gui_controller/lib/python3.10/site-packages/go2_gui_controller/navigator_bridge.py
/home/cvr/Desktop/sj/go2_intelligence_framework/install/go2_gui_controller/lib/python3.10/site-packages/go2_gui_controller/waypoint_registry.py
/home/cvr/Desktop/sj/go2_intelligence_framework/install/go2_gui_controller/lib/python3.10/site-packages/go2_gui_controller/__init__.py
/home/cvr/Desktop/sj/go2_intelligence_framework/install/go2_gui_controller/lib/python3.10/site-packages/go2_gui_controller/gui_app.py
/home/cvr/Desktop/sj/go2_intelligence_framework/install/go2_gui_controller/lib/python3.10/site-packages/go2_gui_controller/main.py
/home/cvr/Desktop/sj/go2_intelligence_framework/install/go2_gui_controller/lib/python3.10/site-packages/go2_gui_controller/manual_control.py
/home/cvr/Desktop/sj/go2_intelligence_framework/install/go2_gui_controller/lib/python3.10/site-packages/go2_gui_controller/state_bridge.py
/home/cvr/Desktop/sj/go2_intelligence_framework/install/go2_gui_controller/lib/python3.10/site-packages/go2_gui_controller/__pycache__/text_command_parser.cpython-310.pyc
/home/cvr/Desktop/sj/go2_intelligence_framework/install/go2_gui_controller/lib/python3.10/site-packages/go2_gui_controller/__pycache__/commands.cpython-310.pyc
/home/cvr/Desktop/sj/go2_intelligence_framework/install/go2_gui_controller/lib/python3.10/site-packages/go2_gui_controller/__pycache__/navigator_bridge.cpython-310.pyc
/home/cvr/Desktop/sj/go2_intelligence_framework/install/go2_gui_controller/lib/python3.10/site-packages/go2_gui_controller/__pycache__/waypoint_registry.cpython-310.pyc
/home/cvr/Desktop/sj/go2_intelligence_framework/install/go2_gui_controller/lib/python3.10/site-packages/go2_gui_controller/__pycache__/__init__.cpython-310.pyc
/home/cvr/Desktop/sj/go2_intelligence_framework/install/go2_gui_controller/lib/python3.10/site-packages/go2_gui_controller/__pycache__/gui_app.cpython-310.pyc
/home/cvr/Desktop/sj/go2_intelligence_framework/install/go2_gui_controller/lib/python3.10/site-packages/go2_gui_controller/__pycache__/main.cpython-310.pyc
/home/cvr/Desktop/sj/go2_intelligence_framework/install/go2_gui_controller/lib/python3.10/site-packages/go2_gui_controller/__pycache__/manual_control.cpython-310.pyc
/home/cvr/Desktop/sj/go2_intelligence_framework/install/go2_gui_controller/lib/python3.10/site-packages/go2_gui_controller/__pycache__/state_bridge.cpython-310.pyc
/home/cvr/Desktop/sj/go2_intelligence_framework/install/go2_gui_controller/share/ament_index/resource_index/packages/go2_gui_controller
/home/cvr/Desktop/sj/go2_intelligence_framework/install/go2_gui_controller/share/go2_gui_controller/package.xml
/home/cvr/Desktop/sj/go2_intelligence_framework/install/go2_gui_controller/share/go2_gui_controller/config/waypoints.yaml
/home/cvr/Desktop/sj/go2_intelligence_framework/install/go2_gui_controller/share/go2_gui_controller/launch/go2_gui_controller.launch.py
/home/cvr/Desktop/sj/go2_intelligence_framework/install/go2_gui_controller/lib/python3.10/site-packages/go2_gui_controller-0.1.0-py3.10.egg-info/requires.txt
/home/cvr/Desktop/sj/go2_intelligence_framework/install/go2_gui_controller/lib/python3.10/site-packages/go2_gui_controller-0.1.0-py3.10.egg-info/dependency_links.txt
/home/cvr/Desktop/sj/go2_intelligence_framework/install/go2_gui_controller/lib/python3.10/site-packages/go2_gui_controller-0.1.0-py3.10.egg-info/PKG-INFO
/home/cvr/Desktop/sj/go2_intelligence_framework/install/go2_gui_controller/lib/python3.10/site-packages/go2_gui_controller-0.1.0-py3.10.egg-info/entry_points.txt
/home/cvr/Desktop/sj/go2_intelligence_framework/install/go2_gui_controller/lib/python3.10/site-packages/go2_gui_controller-0.1.0-py3.10.egg-info/zip-safe
/home/cvr/Desktop/sj/go2_intelligence_framework/install/go2_gui_controller/lib/python3.10/site-packages/go2_gui_controller-0.1.0-py3.10.egg-info/SOURCES.txt
/home/cvr/Desktop/sj/go2_intelligence_framework/install/go2_gui_controller/lib/python3.10/site-packages/go2_gui_controller-0.1.0-py3.10.egg-info/top_level.txt
/home/cvr/Desktop/sj/go2_intelligence_framework/install/go2_gui_controller/bin/gui_controller
