[0.453s] Invoking command in '/home/cvr/Desktop/sj/go2_intelligence_framework/go2_gui_controller': PYTHONPATH=/home/cvr/Desktop/sj/go2_intelligence_framework/build/go2_gui_controller/prefix_override:/usr/lib/python3/dist-packages/colcon_core/task/python/colcon_distutils_commands:/home/cvr/Desktop/sj/go2_intelligence_framework/install/go2_gui_controller/lib/python3.10/site-packages:${PYTHONPATH} /usr/bin/python3 -W ignore:setup.py install is deprecated -W ignore:easy_install command is deprecated setup.py egg_info --egg-base ../build/go2_gui_controller build --build-base /home/cvr/Desktop/sj/go2_intelligence_framework/build/go2_gui_controller/build install --record /home/cvr/Desktop/sj/go2_intelligence_framework/build/go2_gui_controller/install.log --single-version-externally-managed install_data
[0.574s] running egg_info
[0.582s] creating ../build/go2_gui_controller/go2_gui_controller.egg-info
[0.582s] writing ../build/go2_gui_controller/go2_gui_controller.egg-info/PKG-INFO
[0.582s] writing dependency_links to ../build/go2_gui_controller/go2_gui_controller.egg-info/dependency_links.txt
[0.582s] writing entry points to ../build/go2_gui_controller/go2_gui_controller.egg-info/entry_points.txt
[0.583s] writing requirements to ../build/go2_gui_controller/go2_gui_controller.egg-info/requires.txt
[0.583s] writing top-level names to ../build/go2_gui_controller/go2_gui_controller.egg-info/top_level.txt
[0.583s] writing manifest file '../build/go2_gui_controller/go2_gui_controller.egg-info/SOURCES.txt'
[0.599s] reading manifest file '../build/go2_gui_controller/go2_gui_controller.egg-info/SOURCES.txt'
[0.599s] writing manifest file '../build/go2_gui_controller/go2_gui_controller.egg-info/SOURCES.txt'
[0.599s] running build
[0.600s] running build_py
[0.600s] creating /home/cvr/Desktop/sj/go2_intelligence_framework/build/go2_gui_controller/build/lib/go2_gui_controller
[0.600s] copying go2_gui_controller/text_command_parser.py -> /home/cvr/Desktop/sj/go2_intelligence_framework/build/go2_gui_controller/build/lib/go2_gui_controller
[0.600s] copying go2_gui_controller/commands.py -> /home/cvr/Desktop/sj/go2_intelligence_framework/build/go2_gui_controller/build/lib/go2_gui_controller
[0.600s] copying go2_gui_controller/navigator_bridge.py -> /home/cvr/Desktop/sj/go2_intelligence_framework/build/go2_gui_controller/build/lib/go2_gui_controller
[0.600s] copying go2_gui_controller/waypoint_registry.py -> /home/cvr/Desktop/sj/go2_intelligence_framework/build/go2_gui_controller/build/lib/go2_gui_controller
[0.600s] copying go2_gui_controller/__init__.py -> /home/cvr/Desktop/sj/go2_intelligence_framework/build/go2_gui_controller/build/lib/go2_gui_controller
[0.600s] copying go2_gui_controller/gui_app.py -> /home/cvr/Desktop/sj/go2_intelligence_framework/build/go2_gui_controller/build/lib/go2_gui_controller
[0.600s] copying go2_gui_controller/main.py -> /home/cvr/Desktop/sj/go2_intelligence_framework/build/go2_gui_controller/build/lib/go2_gui_controller
[0.600s] copying go2_gui_controller/manual_control.py -> /home/cvr/Desktop/sj/go2_intelligence_framework/build/go2_gui_controller/build/lib/go2_gui_controller
[0.600s] copying go2_gui_controller/state_bridge.py -> /home/cvr/Desktop/sj/go2_intelligence_framework/build/go2_gui_controller/build/lib/go2_gui_controller
[0.600s] running install
[0.602s] running install_lib
[0.610s] creating /home/cvr/Desktop/sj/go2_intelligence_framework/install/go2_gui_controller/lib/python3.10/site-packages/go2_gui_controller
[0.610s] copying /home/cvr/Desktop/sj/go2_intelligence_framework/build/go2_gui_controller/build/lib/go2_gui_controller/text_command_parser.py -> /home/cvr/Desktop/sj/go2_intelligence_framework/install/go2_gui_controller/lib/python3.10/site-packages/go2_gui_controller
[0.610s] copying /home/cvr/Desktop/sj/go2_intelligence_framework/build/go2_gui_controller/build/lib/go2_gui_controller/commands.py -> /home/cvr/Desktop/sj/go2_intelligence_framework/install/go2_gui_controller/lib/python3.10/site-packages/go2_gui_controller
[0.610s] copying /home/cvr/Desktop/sj/go2_intelligence_framework/build/go2_gui_controller/build/lib/go2_gui_controller/navigator_bridge.py -> /home/cvr/Desktop/sj/go2_intelligence_framework/install/go2_gui_controller/lib/python3.10/site-packages/go2_gui_controller
[0.610s] copying /home/cvr/Desktop/sj/go2_intelligence_framework/build/go2_gui_controller/build/lib/go2_gui_controller/waypoint_registry.py -> /home/cvr/Desktop/sj/go2_intelligence_framework/install/go2_gui_controller/lib/python3.10/site-packages/go2_gui_controller
[0.611s] copying /home/cvr/Desktop/sj/go2_intelligence_framework/build/go2_gui_controller/build/lib/go2_gui_controller/__init__.py -> /home/cvr/Desktop/sj/go2_intelligence_framework/install/go2_gui_controller/lib/python3.10/site-packages/go2_gui_controller
[0.611s] copying /home/cvr/Desktop/sj/go2_intelligence_framework/build/go2_gui_controller/build/lib/go2_gui_controller/gui_app.py -> /home/cvr/Desktop/sj/go2_intelligence_framework/install/go2_gui_controller/lib/python3.10/site-packages/go2_gui_controller
[0.611s] copying /home/cvr/Desktop/sj/go2_intelligence_framework/build/go2_gui_controller/build/lib/go2_gui_controller/main.py -> /home/cvr/Desktop/sj/go2_intelligence_framework/install/go2_gui_controller/lib/python3.10/site-packages/go2_gui_controller
[0.611s] copying /home/cvr/Desktop/sj/go2_intelligence_framework/build/go2_gui_controller/build/lib/go2_gui_controller/manual_control.py -> /home/cvr/Desktop/sj/go2_intelligence_framework/install/go2_gui_controller/lib/python3.10/site-packages/go2_gui_controller
[0.611s] copying /home/cvr/Desktop/sj/go2_intelligence_framework/build/go2_gui_controller/build/lib/go2_gui_controller/state_bridge.py -> /home/cvr/Desktop/sj/go2_intelligence_framework/install/go2_gui_controller/lib/python3.10/site-packages/go2_gui_controller
[0.611s] byte-compiling /home/cvr/Desktop/sj/go2_intelligence_framework/install/go2_gui_controller/lib/python3.10/site-packages/go2_gui_controller/text_command_parser.py to text_command_parser.cpython-310.pyc
[0.611s] byte-compiling /home/cvr/Desktop/sj/go2_intelligence_framework/install/go2_gui_controller/lib/python3.10/site-packages/go2_gui_controller/commands.py to commands.cpython-310.pyc
[0.612s] byte-compiling /home/cvr/Desktop/sj/go2_intelligence_framework/install/go2_gui_controller/lib/python3.10/site-packages/go2_gui_controller/navigator_bridge.py to navigator_bridge.cpython-310.pyc
[0.612s] byte-compiling /home/cvr/Desktop/sj/go2_intelligence_framework/install/go2_gui_controller/lib/python3.10/site-packages/go2_gui_controller/waypoint_registry.py to waypoint_registry.cpython-310.pyc
[0.613s] byte-compiling /home/cvr/Desktop/sj/go2_intelligence_framework/install/go2_gui_controller/lib/python3.10/site-packages/go2_gui_controller/__init__.py to __init__.cpython-310.pyc
[0.613s] byte-compiling /home/cvr/Desktop/sj/go2_intelligence_framework/install/go2_gui_controller/lib/python3.10/site-packages/go2_gui_controller/gui_app.py to gui_app.cpython-310.pyc
[0.614s] byte-compiling /home/cvr/Desktop/sj/go2_intelligence_framework/install/go2_gui_controller/lib/python3.10/site-packages/go2_gui_controller/main.py to main.cpython-310.pyc
[0.614s] byte-compiling /home/cvr/Desktop/sj/go2_intelligence_framework/install/go2_gui_controller/lib/python3.10/site-packages/go2_gui_controller/manual_control.py to manual_control.cpython-310.pyc
[0.614s] byte-compiling /home/cvr/Desktop/sj/go2_intelligence_framework/install/go2_gui_controller/lib/python3.10/site-packages/go2_gui_controller/state_bridge.py to state_bridge.cpython-310.pyc
[0.614s] running install_data
[0.615s] creating /home/cvr/Desktop/sj/go2_intelligence_framework/install/go2_gui_controller/share/ament_index/resource_index/packages
[0.615s] copying resource/go2_gui_controller -> /home/cvr/Desktop/sj/go2_intelligence_framework/install/go2_gui_controller/share/ament_index/resource_index/packages
[0.615s] creating /home/cvr/Desktop/sj/go2_intelligence_framework/install/go2_gui_controller/share/go2_gui_controller
[0.615s] copying package.xml -> /home/cvr/Desktop/sj/go2_intelligence_framework/install/go2_gui_controller/share/go2_gui_controller
[0.615s] creating /home/cvr/Desktop/sj/go2_intelligence_framework/install/go2_gui_controller/share/go2_gui_controller/config
[0.615s] copying config/waypoints.yaml -> /home/cvr/Desktop/sj/go2_intelligence_framework/install/go2_gui_controller/share/go2_gui_controller/config
[0.615s] creating /home/cvr/Desktop/sj/go2_intelligence_framework/install/go2_gui_controller/share/go2_gui_controller/launch
[0.615s] copying launch/go2_gui_controller.launch.py -> /home/cvr/Desktop/sj/go2_intelligence_framework/install/go2_gui_controller/share/go2_gui_controller/launch
[0.615s] running install_egg_info
[0.623s] Copying ../build/go2_gui_controller/go2_gui_controller.egg-info to /home/cvr/Desktop/sj/go2_intelligence_framework/install/go2_gui_controller/lib/python3.10/site-packages/go2_gui_controller-0.1.0-py3.10.egg-info
[0.624s] running install_scripts
[0.688s] Installing gui_controller script to /home/cvr/Desktop/sj/go2_intelligence_framework/install/go2_gui_controller/bin
[0.689s] writing list of installed files to '/home/cvr/Desktop/sj/go2_intelligence_framework/build/go2_gui_controller/install.log'
[30.029s] Invoked command in '/home/cvr/Desktop/sj/go2_intelligence_framework/go2_gui_controller' returned '0': PYTHONPATH=/home/cvr/Desktop/sj/go2_intelligence_framework/build/go2_gui_controller/prefix_override:/usr/lib/python3/dist-packages/colcon_core/task/python/colcon_distutils_commands:/home/cvr/Desktop/sj/go2_intelligence_framework/install/go2_gui_controller/lib/python3.10/site-packages:${PYTHONPATH} /usr/bin/python3 -W ignore:setup.py install is deprecated -W ignore:easy_install command is deprecated setup.py egg_info --egg-base ../build/go2_gui_controller build --build-base /home/cvr/Desktop/sj/go2_intelligence_framework/build/go2_gui_controller/build install --record /home/cvr/Desktop/sj/go2_intelligence_framework/build/go2_gui_controller/install.log --single-version-externally-managed install_data
